{"total": {"lines":{"total":56,"covered":53,"skipped":0,"pct":94.64},"statements":{"total":56,"covered":53,"skipped":0,"pct":94.64},"functions":{"total":18,"covered":18,"skipped":0,"pct":100},"branches":{"total":20,"covered":15,"skipped":0,"pct":75}}
,"D:\\QA\\sqe-workshop-2018-sample-project-master\\src\\js\\code-analyzer.js": {"lines":{"total":56,"covered":53,"skipped":0,"pct":94.64},"functions":{"total":18,"covered":18,"skipped":0,"pct":100},"statements":{"total":56,"covered":53,"skipped":0,"pct":94.64},"branches":{"total":20,"covered":15,"skipped":0,"pct":75}}
}
